0 info it worked if it ends with ok
1 verbose cli [ '/home/seb/.nvm/versions/node/v6.11.1/bin/node',
1 verbose cli   '/home/seb/.nvm/versions/node/v6.11.1/bin/npm',
1 verbose cli   'start' ]
2 info using npm@3.10.10
3 info using node@v6.11.1
4 verbose run-script [ 'prestart', 'start', 'poststart' ]
5 info lifecycle chatio@1.0.0~prestart: chatio@1.0.0
6 silly lifecycle chatio@1.0.0~prestart: no script for prestart, continuing
7 info lifecycle chatio@1.0.0~start: chatio@1.0.0
8 verbose lifecycle chatio@1.0.0~start: unsafe-perm in lifecycle true
9 verbose lifecycle chatio@1.0.0~start: PATH: /home/seb/.nvm/versions/node/v6.11.1/lib/node_modules/npm/bin/node-gyp-bin:/home/seb/Sites/chatIO/node_modules/.bin:/home/seb/.nvm/versions/node/v6.11.1/bin:/usr/local/bin:/usr/bin:/bin:/usr/local/games:/usr/games:/usr/local/node/bin
10 verbose lifecycle chatio@1.0.0~start: CWD: /home/seb/Sites/chatIO
11 silly lifecycle chatio@1.0.0~start: Args: [ '-c', 'node server/server.js' ]
12 silly lifecycle chatio@1.0.0~start: Returned: code: 1  signal: null
13 info lifecycle chatio@1.0.0~start: Failed to exec start script
14 verbose stack Error: chatio@1.0.0 start: `node server/server.js`
14 verbose stack Exit status 1
14 verbose stack     at EventEmitter.<anonymous> (/home/seb/.nvm/versions/node/v6.11.1/lib/node_modules/npm/lib/utils/lifecycle.js:255:16)
14 verbose stack     at emitTwo (events.js:106:13)
14 verbose stack     at EventEmitter.emit (events.js:191:7)
14 verbose stack     at ChildProcess.<anonymous> (/home/seb/.nvm/versions/node/v6.11.1/lib/node_modules/npm/lib/utils/spawn.js:40:14)
14 verbose stack     at emitTwo (events.js:106:13)
14 verbose stack     at ChildProcess.emit (events.js:191:7)
14 verbose stack     at maybeClose (internal/child_process.js:891:16)
14 verbose stack     at Process.ChildProcess._handle.onexit (internal/child_process.js:226:5)
15 verbose pkgid chatio@1.0.0
16 verbose cwd /home/seb/Sites/chatIO
17 error Linux 3.16.0-4-amd64
18 error argv "/home/seb/.nvm/versions/node/v6.11.1/bin/node" "/home/seb/.nvm/versions/node/v6.11.1/bin/npm" "start"
19 error node v6.11.1
20 error npm  v3.10.10
21 error code ELIFECYCLE
22 error chatio@1.0.0 start: `node server/server.js`
22 error Exit status 1
23 error Failed at the chatio@1.0.0 start script 'node server/server.js'.
23 error Make sure you have the latest version of node.js and npm installed.
23 error If you do, this is most likely a problem with the chatio package,
23 error not with npm itself.
23 error Tell the author that this fails on your system:
23 error     node server/server.js
23 error You can get information on how to open an issue for this project with:
23 error     npm bugs chatio
23 error Or if that isn't available, you can get their info via:
23 error     npm owner ls chatio
23 error There is likely additional logging output above.
24 verbose exit [ 1, true ]
